<?xml version="1.0" encoding="UTF-8"?>
<!-- Generated by org.testng.reporters.JUnitXMLReporter -->
<testsuite ignored="0" hostname="DESKTOP-P8K6E78" failures="0" tests="3" name="Default test" time="22.25" errors="0" timestamp="2022-10-07T09:56:21 IST">
  <testcase classname="com.ccm.qa.testcases.MyfactoryUpdateProfilePageTest" name="exceuteLoginPage" time="4.053"/>
  <testcase classname="com.ccm.qa.testcases.MyfactoryUpdateProfilePageTest" name="executeMyfactoryUpdateprofilePage" time="7.583"/>
  <testcase classname="com.ccm.qa.testcases.MyfactoryUpdateProfilePageTest" name="executeMufactoryUploadDocumentsPage" time="6.205"/>
</testsuite> <!-- Default test -->
