<?xml version="1.0" encoding="UTF-8"?>
<!-- Generated by org.testng.reporters.JUnitXMLReporter -->
<testsuite ignored="0" hostname="DESKTOP-P8K6E78" failures="0" tests="2" name="ManagementPanel CustomerPage Test" time="26.352" errors="0" timestamp="2022-10-04T11:09:47 IST">
  <testcase classname="com.ccm.qa.testcases.ManagementCustomerPageTest" name="executeManagementLoginPage" time="3.612"/>
  <testcase classname="com.ccm.qa.testcases.ManagementCustomerPageTest" name="executeManagementCustomerModule" time="18.76"/>
</testsuite> <!-- ManagementPanel CustomerPage Test -->
