<?xml version="1.0" encoding="UTF-8"?>
<!-- Generated by org.testng.reporters.JUnitXMLReporter -->
<testsuite ignored="0" hostname="DESKTOP-P8K6E78" failures="0" tests="3" name="MyFactoryProfileUpdate Page Test" time="22.146" errors="0" timestamp="2022-10-04T11:10:09 IST">
  <testcase classname="com.ccm.qa.testcases.MyfactoryUpdateProfilePageTest" name="exceuteLoginPage" time="3.574"/>
  <testcase classname="com.ccm.qa.testcases.MyfactoryUpdateProfilePageTest" name="executeMyfactoryUpdateprofilePage" time="7.535"/>
  <testcase classname="com.ccm.qa.testcases.MyfactoryUpdateProfilePageTest" name="executeMufactoryUploadDocumentsPage" time="7.435"/>
</testsuite> <!-- MyFactoryProfileUpdate Page Test -->
